<?xml version="1.0" encoding="UTF-8"?>
<beans xmlns="http://www.springframework.org/schema/beans"
	xmlns:xsi="http://www.w3.org/2001/XMLSchema-instance" xmlns:tx="http://www.springframework.org/schema/tx"
	xsi:schemaLocation="http://www.springframework.org/schema/beans 
	http://www.springframework.org/schema/beans/spring-beans-3.0.xsd 
	http://www.springframework.org/schema/tx http://www.springframework.org/schema/tx/spring-tx-3.0.xsd">
	
	 <!-- the test application context definition for the jdbc based tests --> 

    <bean id="userDao" class="org.ss.cvtracker.dao.UserDAOImpl">
        <property name="hibernateTemplate" ref="hibernateTemplate" />
    </bean>
    
    <bean id="constantDao" class="org.ss.cvtracker.dao.ConstantDAOImpl">
        <property name="template" ref="hibernateTemplate" />
    </bean>
    
    <bean id="countryDao" class="org.ss.cvtracker.dao.CountryDAOImpl">
        <property name="template" ref="hibernateTemplate" />
    </bean>
    
    <bean id="locationDao" class="org.ss.cvtracker.dao.LocationDAOImpl">
        <property name="template" ref="hibernateTemplate" />
    </bean>
	

	<bean id="dataSource" name="dataSource"
		class="org.springframework.jdbc.datasource.DriverManagerDataSource">
		<property name="driverClassName" value="com.mysql.jdbc.Driver" />
		<property name="url"
			value="jdbc:mysql://localhost:3306/cvtracker?useUnicode=true&amp;characterEncoding=UTF-8&amp;characterSetResults=UTF-8" />
		<property name="username" value="root" />
		<property name="password" value="root" />
	</bean>
	
	<bean id="messageSource"
		class="org.springframework.context.support.ReloadableResourceBundleMessageSource">
		<property name="basename" value="WEB-INF/resources/messages" />
		<property name="defaultEncoding" value="UTF-8" />
	</bean>
	
	<bean name="sessionFactory"
		class="org.springframework.orm.hibernate3.annotation.AnnotationSessionFactoryBean"
		id="sessionFac">
		<property name="dataSource" ref="dataSource" />
		<property name="packagesToScan">
			<list>
				<value>org.ss.cvtracker.domain</value>
			</list>
		</property>
		<property name="hibernateProperties">
			<value>
				hibernate.dialect=org.hibernate.dialect.MySQLInnoDBDialect
				hibernate.show_sql=true
				hibernate.connection.charSet=UTF-8
			</value>
		</property>
	</bean>

	<bean name="txManager"
		class="org.springframework.orm.hibernate3.HibernateTransactionManager">
		<property name="sessionFactory" ref="sessionFactory" />
	</bean>

	<bean name="hibernateTemplate" class="org.springframework.orm.hibernate3.HibernateTemplate">
		<property name="sessionFactory" ref="sessionFactory" />
	</bean>

	<tx:annotation-driven transaction-manager="txManager" />
</beans>